[debug] [2023-02-21T01:00:08.871Z] ----------------------------------------------------------------------
[debug] [2023-02-21T01:00:08.873Z] Command:       /home/edqe/.nvm/versions/node/v16.16.0/bin/node /home/edqe/.yarn/bin/firebase emulators:start --project experiment
[debug] [2023-02-21T01:00:08.873Z] CLI Version:   11.20.0
[debug] [2023-02-21T01:00:08.873Z] Platform:      linux
[debug] [2023-02-21T01:00:08.873Z] Node Version:  v16.16.0
[debug] [2023-02-21T01:00:08.874Z] Time:          Tue Feb 21 2023 08:00:08 GMT+0700 (Indochina Time)
[debug] [2023-02-21T01:00:08.874Z] ----------------------------------------------------------------------
[debug] 
[debug] [2023-02-21T01:00:08.944Z] > command requires scopes: ["email","openid","https://www.googleapis.com/auth/cloudplatformprojects.readonly","https://www.googleapis.com/auth/firebase","https://www.googleapis.com/auth/cloud-platform"]
[debug] [2023-02-21T01:00:08.944Z] > authorizing via signed-in user (configxgt@gmail.com)
[debug] [2023-02-21T01:00:09.014Z] openjdk version "17.0.5" 2022-10-18
OpenJDK Runtime Environment (build 17.0.5+1)

[debug] [2023-02-21T01:00:09.015Z] OpenJDK 64-Bit Server VM (build 17.0.5+1, mixed mode)

[debug] [2023-02-21T01:00:09.018Z] Parsed Java major version: 17
[info] i  emulators: Starting emulators: storage {"metadata":{"emulator":{"name":"hub"},"message":"Starting emulators: storage"}}
[debug] [2023-02-21T01:00:09.025Z] [logging] Logging Emulator only supports listening on one address (127.0.0.1). Not listening on ::1
[debug] [2023-02-21T01:00:09.025Z] [storage] Storage Emulator only supports listening on one address (127.0.0.1). Not listening on ::1
[debug] [2023-02-21T01:00:09.026Z] assigned listening specs for emulators {"user":{"hub":[{"address":"127.0.0.1","family":"IPv4","port":4400},{"address":"::1","family":"IPv6","port":4400}],"ui":[{"address":"127.0.0.1","family":"IPv4","port":4000},{"address":"::1","family":"IPv6","port":4000}],"logging":[{"address":"127.0.0.1","family":"IPv4","port":4500}],"storage":[{"address":"127.0.0.1","family":"IPv4","port":9199}]},"metadata":{"message":"assigned listening specs for emulators"}}
[debug] [2023-02-21T01:00:09.030Z] [hub] writing locator at /tmp/hub-experiment.json
[debug] [2023-02-21T01:00:09.037Z] Ignoring unsupported arg: port {"metadata":{"emulator":{"name":"storage"},"message":"Ignoring unsupported arg: port"}}
[warn] ⚠  Missing 'if' before conditional expression in /home/edqe/Projects/Github/twitter-clone/firebase/storage/storage.rules:5 {"metadata":{"emulator":{"name":"storage"},"message":"Missing 'if' before conditional expression in /home/edqe/Projects/Github/twitter-clone/firebase/storage/storage.rules:5"}}
[debug] [2023-02-21T01:00:09.622Z] Temp file directory for storage emulator: /tmp/firebase/storage/blobs {"metadata":{"emulator":{"name":"storage"},"message":"Temp file directory for storage emulator: /tmp/firebase/storage/blobs"}}
[debug] [2023-02-21T01:00:09.635Z] Ignoring unsupported arg: auto_download {"metadata":{"emulator":{"name":"ui"},"message":"Ignoring unsupported arg: auto_download"}}
[debug] [2023-02-21T01:00:09.636Z] Ignoring unsupported arg: port {"metadata":{"emulator":{"name":"ui"},"message":"Ignoring unsupported arg: port"}}
[debug] [2023-02-21T01:00:09.636Z] Starting Emulator UI with command {"binary":"node","args":["/home/edqe/.cache/firebase/emulators/ui-v1.11.2/server/server.js"],"optionalArgs":[],"joinArgs":false} {"metadata":{"emulator":{"name":"ui"},"message":"Starting Emulator UI with command {\"binary\":\"node\",\"args\":[\"/home/edqe/.cache/firebase/emulators/ui-v1.11.2/server/server.js\"],\"optionalArgs\":[],\"joinArgs\":false}"}}
[info] i  ui: Emulator UI logging to ui-debug.log {"metadata":{"emulator":{"name":"ui"},"message":"Emulator UI logging to \u001b[1mui-debug.log\u001b[22m"}}
[debug] [2023-02-21T01:00:09.768Z] Web / API server started at 127.0.0.1:4000
 {"metadata":{"emulator":{"name":"ui"},"message":"Web / API server started at 127.0.0.1:4000\n"}}
[debug] [2023-02-21T01:00:09.768Z] Web / API server started at ::1:4000
 {"metadata":{"emulator":{"name":"ui"},"message":"Web / API server started at ::1:4000\n"}}
[info] 
┌─────────────────────────────────────────────────────────────┐
│ ✔  All emulators ready! It is now safe to connect your app. │
│ i  View Emulator UI at http://127.0.0.1:4000/               │
└─────────────────────────────────────────────────────────────┘

┌──────────┬────────────────┬───────────────────────────────┐
│ Emulator │ Host:Port      │ View in Emulator UI           │
├──────────┼────────────────┼───────────────────────────────┤
│ Storage  │ 127.0.0.1:9199 │ http://127.0.0.1:4000/storage │
└──────────┴────────────────┴───────────────────────────────┘
  Emulator Hub running at 127.0.0.1:4400
  Other reserved ports: 4500

Issues? Report them at https://github.com/firebase/firebase-tools/issues and attach the *-debug.log files.
 
[debug] [2023-02-21T01:00:53.697Z] > refreshing access token with scopes: []
[debug] [2023-02-21T01:00:53.700Z] >>> [apiv2][query] POST https://www.googleapis.com/oauth2/v3/token [none]
[debug] [2023-02-21T01:00:53.701Z] >>> [apiv2][body] POST https://www.googleapis.com/oauth2/v3/token [omitted]
[debug] [2023-02-21T01:00:53.815Z] <<< [apiv2][status] POST https://www.googleapis.com/oauth2/v3/token 200
[debug] [2023-02-21T01:00:53.815Z] <<< [apiv2][body] POST https://www.googleapis.com/oauth2/v3/token [omitted]
[debug] [2023-02-21T01:00:53.829Z] >>> [apiv2][query] GET https://firebase.googleapis.com/v1beta1/projects/experiment/adminSdkConfig [none]
[debug] [2023-02-21T01:00:54.369Z] <<< [apiv2][status] GET https://firebase.googleapis.com/v1beta1/projects/experiment/adminSdkConfig 403
[debug] [2023-02-21T01:00:54.369Z] <<< [apiv2][body] GET https://firebase.googleapis.com/v1beta1/projects/experiment/adminSdkConfig {"error":{"code":403,"message":"The caller does not have permission","status":"PERMISSION_DENIED"}}
[debug] [2023-02-21T01:00:54.370Z] Failed to get Admin SDK config for experiment, falling back to cache Failed to get Admin SDK for Firebase project experiment. Please make sure the project exists and your account has permission to access it. {"name":"FirebaseError","children":[],"exit":2,"message":"Failed to get Admin SDK for Firebase project experiment. Please make sure the project exists and your account has permission to access it.","original":{"name":"FirebaseError","children":[],"context":{"body":{"error":{"code":403,"message":"The caller does not have permission","status":"PERMISSION_DENIED"}},"response":{"statusCode":403}},"exit":1,"message":"HTTP Error: 403, The caller does not have permission","status":403},"status":500}
[warn] ⚠  Permission denied because no Storage ruleset is currently loaded, check your rules for syntax errors. {"metadata":{"emulator":{"name":"storage"},"message":"Permission denied because no Storage ruleset is currently loaded, check your rules for syntax errors."}}
[info] i  storage: Change detected, updating rules for Cloud Storage... {"metadata":{"emulator":{"name":"storage"},"message":"Change detected, updating rules for Cloud Storage..."}}
[debug] [2023-02-21T15:17:55.562Z] Received signal SIGTERM 1
[info]  
[info] i  emulators: Received SIGTERM for the first time. Starting a clean shutdown. 
[info] i  emulators: Please wait for a clean shutdown or send the SIGTERM signal again to stop right now. 
[info] i  emulators: Shutting down emulators. {"metadata":{"emulator":{"name":"hub"},"message":"Shutting down emulators."}}
[info] i  ui: Stopping Emulator UI {"metadata":{"emulator":{"name":"ui"},"message":"Stopping Emulator UI"}}
[debug] [2023-02-21T15:17:55.779Z] Received signal SIGHUP 1
[info]  
[info] i  emulators: Received SIGHUP for the first time. Starting a clean shutdown. 
[info] i  emulators: Please wait for a clean shutdown or send the SIGHUP signal again to stop right now. 
[debug] [2023-02-21T15:17:55.798Z] Error: write EIO
    at afterWriteDispatched (node:internal/stream_base_commons:160:15)
    at writeGeneric (node:internal/stream_base_commons:151:3)
    at WriteStream.Socket._writeGeneric (node:net:817:11)
    at WriteStream.Socket._write (node:net:829:8)
    at writeOrBuffer (node:internal/streams/writable:389:12)
    at _write (node:internal/streams/writable:330:10)
    at WriteStream.Writable.write (node:internal/streams/writable:334:10)
    at Console.log (/home/edqe/.config/yarn/global/node_modules/winston/lib/winston/transports/console.js:79:23)
    at Console._write (/home/edqe/.config/yarn/global/node_modules/winston-transport/index.js:103:17)
    at doWrite (/home/edqe/.config/yarn/global/node_modules/readable-stream/lib/_stream_writable.js:409:139)
    at writeOrBuffer (/home/edqe/.config/yarn/global/node_modules/readable-stream/lib/_stream_writable.js:398:5)
    at Console.Writable.write (/home/edqe/.config/yarn/global/node_modules/readable-stream/lib/_stream_writable.js:307:11)
    at DerivedLogger.ondata (/home/edqe/.config/yarn/global/node_modules/readable-stream/lib/_stream_readable.js:681:20)
    at DerivedLogger.emit (node:events:539:35)
    at DerivedLogger.emit (node:domain:475:12)
    at addChunk (/home/edqe/.config/yarn/global/node_modules/readable-stream/lib/_stream_readable.js:298:12)
[error] 
[error] Error: An unexpected error has occurred.
[debug] [2023-02-21T15:17:55.800Z] Error: write EIO
    at afterWriteDispatched (node:internal/stream_base_commons:160:15)
    at writeGeneric (node:internal/stream_base_commons:151:3)
    at WriteStream.Socket._writeGeneric (node:net:817:11)
    at WriteStream.Socket._write (node:net:829:8)
    at writeOrBuffer (node:internal/streams/writable:389:12)
    at _write (node:internal/streams/writable:330:10)
    at WriteStream.Writable.write (node:internal/streams/writable:334:10)
    at Console.log (/home/edqe/.config/yarn/global/node_modules/winston/lib/winston/transports/console.js:79:23)
    at Console._write (/home/edqe/.config/yarn/global/node_modules/winston-transport/index.js:103:17)
    at doWrite (/home/edqe/.config/yarn/global/node_modules/readable-stream/lib/_stream_writable.js:409:139)
    at writeOrBuffer (/home/edqe/.config/yarn/global/node_modules/readable-stream/lib/_stream_writable.js:398:5)
    at Console.Writable.write (/home/edqe/.config/yarn/global/node_modules/readable-stream/lib/_stream_writable.js:307:11)
    at DerivedLogger.ondata (/home/edqe/.config/yarn/global/node_modules/readable-stream/lib/_stream_readable.js:681:20)
    at DerivedLogger.emit (node:events:539:35)
    at DerivedLogger.emit (node:domain:475:12)
    at addChunk (/home/edqe/.config/yarn/global/node_modules/readable-stream/lib/_stream_readable.js:298:12)
[error] 
[error] Error: An unexpected error has occurred.
[debug] [2023-02-21T15:17:55.801Z] Error: write EIO
    at afterWriteDispatched (node:internal/stream_base_commons:160:15)
    at writeGeneric (node:internal/stream_base_commons:151:3)
    at WriteStream.Socket._writeGeneric (node:net:817:11)
    at WriteStream.Socket._write (node:net:829:8)
    at writeOrBuffer (node:internal/streams/writable:389:12)
    at _write (node:internal/streams/writable:330:10)
    at WriteStream.Writable.write (node:internal/streams/writable:334:10)
    at Console.log (/home/edqe/.config/yarn/global/node_modules/winston/lib/winston/transports/console.js:79:23)
    at Console._write (/home/edqe/.config/yarn/global/node_modules/winston-transport/index.js:103:17)
    at doWrite (/home/edqe/.config/yarn/global/node_modules/readable-stream/lib/_stream_writable.js:409:139)
    at writeOrBuffer (/home/edqe/.config/yarn/global/node_modules/readable-stream/lib/_stream_writable.js:398:5)
    at Console.Writable.write (/home/edqe/.config/yarn/global/node_modules/readable-stream/lib/_stream_writable.js:307:11)
    at DerivedLogger.ondata (/home/edqe/.config/yarn/global/node_modules/readable-stream/lib/_stream_readable.js:681:20)
    at DerivedLogger.emit (node:events:539:35)
    at DerivedLogger.emit (node:domain:475:12)
    at addChunk (/home/edqe/.config/yarn/global/node_modules/readable-stream/lib/_stream_readable.js:298:12)
[error] 
[error] Error: An unexpected error has occurred.
[debug] [2023-02-21T15:17:55.802Z] Error: write EIO
    at afterWriteDispatched (node:internal/stream_base_commons:160:15)
    at writeGeneric (node:internal/stream_base_commons:151:3)
    at WriteStream.Socket._writeGeneric (node:net:817:11)
    at WriteStream.Socket._write (node:net:829:8)
    at writeOrBuffer (node:internal/streams/writable:389:12)
    at _write (node:internal/streams/writable:330:10)
    at WriteStream.Writable.write (node:internal/streams/writable:334:10)
    at Console.log (/home/edqe/.config/yarn/global/node_modules/winston/lib/winston/transports/console.js:79:23)
    at Console._write (/home/edqe/.config/yarn/global/node_modules/winston-transport/index.js:103:17)
    at doWrite (/home/edqe/.config/yarn/global/node_modules/readable-stream/lib/_stream_writable.js:409:139)
    at writeOrBuffer (/home/edqe/.config/yarn/global/node_modules/readable-stream/lib/_stream_writable.js:398:5)
    at Console.Writable.write (/home/edqe/.config/yarn/global/node_modules/readable-stream/lib/_stream_writable.js:307:11)
    at DerivedLogger.ondata (/home/edqe/.config/yarn/global/node_modules/readable-stream/lib/_stream_readable.js:681:20)
    at DerivedLogger.emit (node:events:539:35)
    at DerivedLogger.emit (node:domain:475:12)
    at addChunk (/home/edqe/.config/yarn/global/node_modules/readable-stream/lib/_stream_readable.js:298:12)
[error] 
[error] Error: An unexpected error has occurred.
[debug] [2023-02-21T15:17:55.803Z] Error: write EIO
    at afterWriteDispatched (node:internal/stream_base_commons:160:15)
    at writeGeneric (node:internal/stream_base_commons:151:3)
    at WriteStream.Socket._writeGeneric (node:net:817:11)
    at WriteStream.Socket._write (node:net:829:8)
    at writeOrBuffer (node:internal/streams/writable:389:12)
    at _write (node:internal/streams/writable:330:10)
    at WriteStream.Writable.write (node:internal/streams/writable:334:10)
    at Console.log (/home/edqe/.config/yarn/global/node_modules/winston/lib/winston/transports/console.js:79:23)
    at Console._write (/home/edqe/.config/yarn/global/node_modules/winston-transport/index.js:103:17)
    at doWrite (/home/edqe/.config/yarn/global/node_modules/readable-stream/lib/_stream_writable.js:409:139)
    at writeOrBuffer (/home/edqe/.config/yarn/global/node_modules/readable-stream/lib/_stream_writable.js:398:5)
    at Console.Writable.write (/home/edqe/.config/yarn/global/node_modules/readable-stream/lib/_stream_writable.js:307:11)
    at DerivedLogger.ondata (/home/edqe/.config/yarn/global/node_modules/readable-stream/lib/_stream_readable.js:681:20)
    at DerivedLogger.emit (node:events:539:35)
    at DerivedLogger.emit (node:domain:475:12)
    at addChunk (/home/edqe/.config/yarn/global/node_modules/readable-stream/lib/_stream_readable.js:298:12)
[error] 
[error] Error: An unexpected error has occurred.
[debug] [2023-02-21T15:17:55.804Z] Error: write EIO
    at afterWriteDispatched (node:internal/stream_base_commons:160:15)
    at writeGeneric (node:internal/stream_base_commons:151:3)
    at WriteStream.Socket._writeGeneric (node:net:817:11)
    at WriteStream.Socket._write (node:net:829:8)
    at writeOrBuffer (node:internal/streams/writable:389:12)
    at _write (node:internal/streams/writable:330:10)
    at WriteStream.Writable.write (node:internal/streams/writable:334:10)
    at Console.log (/home/edqe/.config/yarn/global/node_modules/winston/lib/winston/transports/console.js:79:23)
    at Console._write (/home/edqe/.config/yarn/global/node_modules/winston-transport/index.js:103:17)
    at doWrite (/home/edqe/.config/yarn/global/node_modules/readable-stream/lib/_stream_writable.js:409:139)
    at writeOrBuffer (/home/edqe/.config/yarn/global/node_modules/readable-stream/lib/_stream_writable.js:398:5)
    at Console.Writable.write (/home/edqe/.config/yarn/global/node_modules/readable-stream/lib/_stream_writable.js:307:11)
    at DerivedLogger.ondata (/home/edqe/.config/yarn/global/node_modules/readable-stream/lib/_stream_readable.js:681:20)
    at DerivedLogger.emit (node:events:539:35)
    at DerivedLogger.emit (node:domain:475:12)
    at addChunk (/home/edqe/.config/yarn/global/node_modules/readable-stream/lib/_stream_readable.js:298:12)
[error] 
[error] Error: An unexpected error has occurred.
[debug] [2023-02-21T15:17:55.805Z] Error: write EIO
    at afterWriteDispatched (node:internal/stream_base_commons:160:15)
    at writeGeneric (node:internal/stream_base_commons:151:3)
    at WriteStream.Socket._writeGeneric (node:net:817:11)
    at WriteStream.Socket._write (node:net:829:8)
    at writeOrBuffer (node:internal/streams/writable:389:12)
    at _write (node:internal/streams/writable:330:10)
    at WriteStream.Writable.write (node:internal/streams/writable:334:10)
    at Console.log (/home/edqe/.config/yarn/global/node_modules/winston/lib/winston/transports/console.js:79:23)
    at Console._write (/home/edqe/.config/yarn/global/node_modules/winston-transport/index.js:103:17)
    at doWrite (/home/edqe/.config/yarn/global/node_modules/readable-stream/lib/_stream_writable.js:409:139)
    at writeOrBuffer (/home/edqe/.config/yarn/global/node_modules/readable-stream/lib/_stream_writable.js:398:5)
    at Console.Writable.write (/home/edqe/.config/yarn/global/node_modules/readable-stream/lib/_stream_writable.js:307:11)
    at DerivedLogger.ondata (/home/edqe/.config/yarn/global/node_modules/readable-stream/lib/_stream_readable.js:681:20)
    at DerivedLogger.emit (node:events:539:35)
    at DerivedLogger.emit (node:domain:475:12)
    at addChunk (/home/edqe/.config/yarn/global/node_modules/readable-stream/lib/_stream_readable.js:298:12)
[error] 
[error] Error: An unexpected error has occurred.
[debug] [2023-02-21T15:17:55.806Z] Error: write EIO
    at afterWriteDispatched (node:internal/stream_base_commons:160:15)
    at writeGeneric (node:internal/stream_base_commons:151:3)
    at WriteStream.Socket._writeGeneric (node:net:817:11)
    at WriteStream.Socket._write (node:net:829:8)
    at writeOrBuffer (node:internal/streams/writable:389:12)
    at _write (node:internal/streams/writable:330:10)
    at WriteStream.Writable.write (node:internal/streams/writable:334:10)
    at Console.log (/home/edqe/.config/yarn/global/node_modules/winston/lib/winston/transports/console.js:79:23)
    at Console._write (/home/edqe/.config/yarn/global/node_modules/winston-transport/index.js:103:17)
    at doWrite (/home/edqe/.config/yarn/global/node_modules/readable-stream/lib/_stream_writable.js:409:139)
    at writeOrBuffer (/home/edqe/.config/yarn/global/node_modules/readable-stream/lib/_stream_writable.js:398:5)
    at Console.Writable.write (/home/edqe/.config/yarn/global/node_modules/readable-stream/lib/_stream_writable.js:307:11)
    at DerivedLogger.ondata (/home/edqe/.config/yarn/global/node_modules/readable-stream/lib/_stream_readable.js:681:20)
    at DerivedLogger.emit (node:events:539:35)
    at DerivedLogger.emit (node:domain:475:12)
    at addChunk (/home/edqe/.config/yarn/global/node_modules/readable-stream/lib/_stream_readable.js:298:12)
[error] 
[error] Error: An unexpected error has occurred.
[debug] [2023-02-21T15:17:55.807Z] Error: write EIO
    at afterWriteDispatched (node:internal/stream_base_commons:160:15)
    at writeGeneric (node:internal/stream_base_commons:151:3)
    at WriteStream.Socket._writeGeneric (node:net:817:11)
    at WriteStream.Socket._write (node:net:829:8)
    at writeOrBuffer (node:internal/streams/writable:389:12)
    at _write (node:internal/streams/writable:330:10)
    at WriteStream.Writable.write (node:internal/streams/writable:334:10)
    at Console.log (/home/edqe/.config/yarn/global/node_modules/winston/lib/winston/transports/console.js:79:23)
    at Console._write (/home/edqe/.config/yarn/global/node_modules/winston-transport/index.js:103:17)
    at doWrite (/home/edqe/.config/yarn/global/node_modules/readable-stream/lib/_stream_writable.js:409:139)
    at writeOrBuffer (/home/edqe/.config/yarn/global/node_modules/readable-stream/lib/_stream_writable.js:398:5)
    at Console.Writable.write (/home/edqe/.config/yarn/global/node_modules/readable-stream/lib/_stream_writable.js:307:11)
    at DerivedLogger.ondata (/home/edqe/.config/yarn/global/node_modules/readable-stream/lib/_stream_readable.js:681:20)
    at DerivedLogger.emit (node:events:539:35)
    at DerivedLogger.emit (node:domain:475:12)
    at addChunk (/home/edqe/.config/yarn/global/node_modules/readable-stream/lib/_stream_readable.js:298:12)
[error] 
[error] Error: An unexpected error has occurred.
[debug] [2023-02-21T15:17:55.808Z] Error: write EIO
    at afterWriteDispatched (node:internal/stream_base_commons:160:15)
    at writeGeneric (node:internal/stream_base_commons:151:3)
    at WriteStream.Socket._writeGeneric (node:net:817:11)
    at WriteStream.Socket._write (node:net:829:8)
    at writeOrBuffer (node:internal/streams/writable:389:12)
    at _write (node:internal/streams/writable:330:10)
    at WriteStream.Writable.write (node:internal/streams/writable:334:10)
    at Console.log (/home/edqe/.config/yarn/global/node_modules/winston/lib/winston/transports/console.js:79:23)
    at Console._write (/home/edqe/.config/yarn/global/node_modules/winston-transport/index.js:103:17)
    at doWrite (/home/edqe/.config/yarn/global/node_modules/readable-stream/lib/_stream_writable.js:409:139)
    at writeOrBuffer (/home/edqe/.config/yarn/global/node_modules/readable-stream/lib/_stream_writable.js:398:5)
    at Console.Writable.write (/home/edqe/.config/yarn/global/node_modules/readable-stream/lib/_stream_writable.js:307:11)
    at DerivedLogger.ondata (/home/edqe/.config/yarn/global/node_modules/readable-stream/lib/_stream_readable.js:681:20)
    at DerivedLogger.emit (node:events:539:35)
    at DerivedLogger.emit (node:domain:475:12)
    at addChunk (/home/edqe/.config/yarn/global/node_modules/readable-stream/lib/_stream_readable.js:298:12)
[error] 
[error] Error: An unexpected error has occurred.
[debug] [2023-02-21T15:17:55.809Z] Error: write EIO
    at afterWriteDispatched (node:internal/stream_base_commons:160:15)
    at writeGeneric (node:internal/stream_base_commons:151:3)
    at WriteStream.Socket._writeGeneric (node:net:817:11)
    at WriteStream.Socket._write (node:net:829:8)
    at writeOrBuffer (node:internal/streams/writable:389:12)
    at _write (node:internal/streams/writable:330:10)
    at WriteStream.Writable.write (node:internal/streams/writable:334:10)
    at Console.log (/home/edqe/.config/yarn/global/node_modules/winston/lib/winston/transports/console.js:79:23)
    at Console._write (/home/edqe/.config/yarn/global/node_modules/winston-transport/index.js:103:17)
    at doWrite (/home/edqe/.config/yarn/global/node_modules/readable-stream/lib/_stream_writable.js:409:139)
    at writeOrBuffer (/home/edqe/.config/yarn/global/node_modules/readable-stream/lib/_stream_writable.js:398:5)
    at Console.Writable.write (/home/edqe/.config/yarn/global/node_modules/readable-stream/lib/_stream_writable.js:307:11)
    at DerivedLogger.ondata (/home/edqe/.config/yarn/global/node_modules/readable-stream/lib/_stream_readable.js:681:20)
    at DerivedLogger.emit (node:events:539:35)
    at DerivedLogger.emit (node:domain:475:12)
    at addChunk (/home/edqe/.config/yarn/global/node_modules/readable-stream/lib/_stream_readable.js:298:12)
[error] 
[error] Error: An unexpected error has occurred.
[debug] [2023-02-21T15:17:55.810Z] Error: write EIO
    at afterWriteDispatched (node:internal/stream_base_commons:160:15)
    at writeGeneric (node:internal/stream_base_commons:151:3)
    at WriteStream.Socket._writeGeneric (node:net:817:11)
    at WriteStream.Socket._write (node:net:829:8)
    at writeOrBuffer (node:internal/streams/writable:389:12)
    at _write (node:internal/streams/writable:330:10)
    at WriteStream.Writable.write (node:internal/streams/writable:334:10)
    at Console.log (/home/edqe/.config/yarn/global/node_modules/winston/lib/winston/transports/console.js:79:23)
    at Console._write (/home/edqe/.config/yarn/global/node_modules/winston-transport/index.js:103:17)
    at doWrite (/home/edqe/.config/yarn/global/node_modules/readable-stream/lib/_stream_writable.js:409:139)
    at writeOrBuffer (/home/edqe/.config/yarn/global/node_modules/readable-stream/lib/_stream_writable.js:398:5)
    at Console.Writable.write (/home/edqe/.config/yarn/global/node_modules/readable-stream/lib/_stream_writable.js:307:11)
    at DerivedLogger.ondata (/home/edqe/.config/yarn/global/node_modules/readable-stream/lib/_stream_readable.js:681:20)
    at DerivedLogger.emit (node:events:539:35)
    at DerivedLogger.emit (node:domain:475:12)
    at addChunk (/home/edqe/.config/yarn/global/node_modules/readable-stream/lib/_stream_readable.js:298:12)
[error] 
[error] Error: An unexpected error has occurred.
[debug] [2023-02-21T15:17:55.831Z] Error: write EIO
    at afterWriteDispatched (node:internal/stream_base_commons:160:15)
    at writeGeneric (node:internal/stream_base_commons:151:3)
    at WriteStream.Socket._writeGeneric (node:net:817:11)
    at WriteStream.Socket._write (node:net:829:8)
    at writeOrBuffer (node:internal/streams/writable:389:12)
    at _write (node:internal/streams/writable:330:10)
    at WriteStream.Writable.write (node:internal/streams/writable:334:10)
    at Console.log (/home/edqe/.config/yarn/global/node_modules/winston/lib/winston/transports/console.js:79:23)
    at Console._write (/home/edqe/.config/yarn/global/node_modules/winston-transport/index.js:103:17)
    at doWrite (/home/edqe/.config/yarn/global/node_modules/readable-stream/lib/_stream_writable.js:409:139)
    at writeOrBuffer (/home/edqe/.config/yarn/global/node_modules/readable-stream/lib/_stream_writable.js:398:5)
    at Console.Writable.write (/home/edqe/.config/yarn/global/node_modules/readable-stream/lib/_stream_writable.js:307:11)
    at DerivedLogger.ondata (/home/edqe/.config/yarn/global/node_modules/readable-stream/lib/_stream_readable.js:681:20)
    at DerivedLogger.emit (node:events:539:35)
    at DerivedLogger.emit (node:domain:475:12)
    at addChunk (/home/edqe/.config/yarn/global/node_modules/readable-stream/lib/_stream_readable.js:298:12)
[error] 
[error] Error: An unexpected error has occurred.
[debug] [2023-02-21T15:17:55.833Z] Error: write EIO
    at afterWriteDispatched (node:internal/stream_base_commons:160:15)
    at writeGeneric (node:internal/stream_base_commons:151:3)
    at WriteStream.Socket._writeGeneric (node:net:817:11)
    at WriteStream.Socket._write (node:net:829:8)
    at writeOrBuffer (node:internal/streams/writable:389:12)
    at _write (node:internal/streams/writable:330:10)
    at WriteStream.Writable.write (node:internal/streams/writable:334:10)
    at Console.log (/home/edqe/.config/yarn/global/node_modules/winston/lib/winston/transports/console.js:79:23)
    at Console._write (/home/edqe/.config/yarn/global/node_modules/winston-transport/index.js:103:17)
    at doWrite (/home/edqe/.config/yarn/global/node_modules/readable-stream/lib/_stream_writable.js:409:139)
    at writeOrBuffer (/home/edqe/.config/yarn/global/node_modules/readable-stream/lib/_stream_writable.js:398:5)
    at Console.Writable.write (/home/edqe/.config/yarn/global/node_modules/readable-stream/lib/_stream_writable.js:307:11)
    at DerivedLogger.ondata (/home/edqe/.config/yarn/global/node_modules/readable-stream/lib/_stream_readable.js:681:20)
    at DerivedLogger.emit (node:events:539:35)
    at DerivedLogger.emit (node:domain:475:12)
    at addChunk (/home/edqe/.config/yarn/global/node_modules/readable-stream/lib/_stream_readable.js:298:12)
[error] 
[error] Error: An unexpected error has occurred.
[debug] [2023-02-21T15:17:55.834Z] Error: write EIO
    at afterWriteDispatched (node:internal/stream_base_commons:160:15)
    at writeGeneric (node:internal/stream_base_commons:151:3)
    at WriteStream.Socket._writeGeneric (node:net:817:11)
    at WriteStream.Socket._write (node:net:829:8)
    at writeOrBuffer (node:internal/streams/writable:389:12)
    at _write (node:internal/streams/writable:330:10)
    at WriteStream.Writable.write (node:internal/streams/writable:334:10)
    at Console.log (/home/edqe/.config/yarn/global/node_modules/winston/lib/winston/transports/console.js:79:23)
    at Console._write (/home/edqe/.config/yarn/global/node_modules/winston-transport/index.js:103:17)
    at doWrite (/home/edqe/.config/yarn/global/node_modules/readable-stream/lib/_stream_writable.js:409:139)
    at writeOrBuffer (/home/edqe/.config/yarn/global/node_modules/readable-stream/lib/_stream_writable.js:398:5)
    at Console.Writable.write (/home/edqe/.config/yarn/global/node_modules/readable-stream/lib/_stream_writable.js:307:11)
    at DerivedLogger.ondata (/home/edqe/.config/yarn/global/node_modules/readable-stream/lib/_stream_readable.js:681:20)
    at DerivedLogger.emit (node:events:539:35)
    at DerivedLogger.emit (node:domain:475:12)
    at addChunk (/home/edqe/.config/yarn/global/node_modules/readable-stream/lib/_stream_readable.js:298:12)
[error] 
[error] Error: An unexpected error has occurred.
[debug] [2023-02-21T15:17:55.835Z] Error: write EIO
    at afterWriteDispatched (node:internal/stream_base_commons:160:15)
    at writeGeneric (node:internal/stream_base_commons:151:3)
    at WriteStream.Socket._writeGeneric (node:net:817:11)
    at WriteStream.Socket._write (node:net:829:8)
    at writeOrBuffer (node:internal/streams/writable:389:12)
    at _write (node:internal/streams/writable:330:10)
    at WriteStream.Writable.write (node:internal/streams/writable:334:10)
    at Console.log (/home/edqe/.config/yarn/global/node_modules/winston/lib/winston/transports/console.js:79:23)
    at Console._write (/home/edqe/.config/yarn/global/node_modules/winston-transport/index.js:103:17)
    at doWrite (/home/edqe/.config/yarn/global/node_modules/readable-stream/lib/_stream_writable.js:409:139)
    at writeOrBuffer (/home/edqe/.config/yarn/global/node_modules/readable-stream/lib/_stream_writable.js:398:5)
    at Console.Writable.write (/home/edqe/.config/yarn/global/node_modules/readable-stream/lib/_stream_writable.js:307:11)
    at DerivedLogger.ondata (/home/edqe/.config/yarn/global/node_modules/readable-stream/lib/_stream_readable.js:681:20)
    at DerivedLogger.emit (node:events:539:35)
    at DerivedLogger.emit (node:domain:475:12)
    at addChunk (/home/edqe/.config/yarn/global/node_modules/readable-stream/lib/_stream_readable.js:298:12)
[error] 
[error] Error: An unexpected error has occurred.
[debug] [2023-02-21T15:17:55.835Z] Error: write EIO
    at afterWriteDispatched (node:internal/stream_base_commons:160:15)
    at writeGeneric (node:internal/stream_base_commons:151:3)
    at WriteStream.Socket._writeGeneric (node:net:817:11)
    at WriteStream.Socket._write (node:net:829:8)
    at writeOrBuffer (node:internal/streams/writable:389:12)
    at _write (node:internal/streams/writable:330:10)
    at WriteStream.Writable.write (node:internal/streams/writable:334:10)
    at Console.log (/home/edqe/.config/yarn/global/node_modules/winston/lib/winston/transports/console.js:79:23)
    at Console._write (/home/edqe/.config/yarn/global/node_modules/winston-transport/index.js:103:17)
    at doWrite (/home/edqe/.config/yarn/global/node_modules/readable-stream/lib/_stream_writable.js:409:139)
    at writeOrBuffer (/home/edqe/.config/yarn/global/node_modules/readable-stream/lib/_stream_writable.js:398:5)
    at Console.Writable.write (/home/edqe/.config/yarn/global/node_modules/readable-stream/lib/_stream_writable.js:307:11)
    at DerivedLogger.ondata (/home/edqe/.config/yarn/global/node_modules/readable-stream/lib/_stream_readable.js:681:20)
    at DerivedLogger.emit (node:events:539:35)
    at DerivedLogger.emit (node:domain:475:12)
    at addChunk (/home/edqe/.config/yarn/global/node_modules/readable-stream/lib/_stream_readable.js:298:12)
[error] 
[error] Error: An unexpected error has occurred.
[debug] [2023-02-21T15:17:55.836Z] Error: write EIO
    at afterWriteDispatched (node:internal/stream_base_commons:160:15)
    at writeGeneric (node:internal/stream_base_commons:151:3)
    at WriteStream.Socket._writeGeneric (node:net:817:11)
    at WriteStream.Socket._write (node:net:829:8)
    at writeOrBuffer (node:internal/streams/writable:389:12)
    at _write (node:internal/streams/writable:330:10)
    at WriteStream.Writable.write (node:internal/streams/writable:334:10)
    at Console.log (/home/edqe/.config/yarn/global/node_modules/winston/lib/winston/transports/console.js:79:23)
    at Console._write (/home/edqe/.config/yarn/global/node_modules/winston-transport/index.js:103:17)
    at doWrite (/home/edqe/.config/yarn/global/node_modules/readable-stream/lib/_stream_writable.js:409:139)
    at writeOrBuffer (/home/edqe/.config/yarn/global/node_modules/readable-stream/lib/_stream_writable.js:398:5)
    at Console.Writable.write (/home/edqe/.config/yarn/global/node_modules/readable-stream/lib/_stream_writable.js:307:11)
    at DerivedLogger.ondata (/home/edqe/.config/yarn/global/node_modules/readable-stream/lib/_stream_readable.js:681:20)
    at DerivedLogger.emit (node:events:539:35)
    at DerivedLogger.emit (node:domain:475:12)
    at addChunk (/home/edqe/.config/yarn/global/node_modules/readable-stream/lib/_stream_readable.js:298:12)
[error] 
[error] Error: An unexpected error has occurred.
[debug] [2023-02-21T15:17:55.839Z] Error: write EIO
    at afterWriteDispatched (node:internal/stream_base_commons:160:15)
    at writeGeneric (node:internal/stream_base_commons:151:3)
    at WriteStream.Socket._writeGeneric (node:net:817:11)
    at WriteStream.Socket._write (node:net:829:8)
    at writeOrBuffer (node:internal/streams/writable:389:12)
    at _write (node:internal/streams/writable:330:10)
    at WriteStream.Writable.write (node:internal/streams/writable:334:10)
    at Console.log (/home/edqe/.config/yarn/global/node_modules/winston/lib/winston/transports/console.js:79:23)
    at Console._write (/home/edqe/.config/yarn/global/node_modules/winston-transport/index.js:103:17)
    at doWrite (/home/edqe/.config/yarn/global/node_modules/readable-stream/lib/_stream_writable.js:409:139)
    at writeOrBuffer (/home/edqe/.config/yarn/global/node_modules/readable-stream/lib/_stream_writable.js:398:5)
    at Console.Writable.write (/home/edqe/.config/yarn/global/node_modules/readable-stream/lib/_stream_writable.js:307:11)
    at DerivedLogger.ondata (/home/edqe/.config/yarn/global/node_modules/readable-stream/lib/_stream_readable.js:681:20)
    at DerivedLogger.emit (node:events:539:35)
    at DerivedLogger.emit (node:domain:475:12)
    at addChunk (/home/edqe/.config/yarn/global/node_modules/readable-stream/lib/_stream_readable.js:298:12)
[error] 
[error] Error: An unexpected error has occurred.
[debug] [2023-02-21T15:17:55.840Z] Error: write EIO
    at afterWriteDispatched (node:internal/stream_base_commons:160:15)
    at writeGeneric (node:internal/stream_base_commons:151:3)
    at WriteStream.Socket._writeGeneric (node:net:817:11)
    at WriteStream.Socket._write (node:net:829:8)
    at writeOrBuffer (node:internal/streams/writable:389:12)
    at _write (node:internal/streams/writable:330:10)
    at WriteStream.Writable.write (node:internal/streams/writable:334:10)
    at Console.log (/home/edqe/.config/yarn/global/node_modules/winston/lib/winston/transports/console.js:79:23)
    at Console._write (/home/edqe/.config/yarn/global/node_modules/winston-transport/index.js:103:17)
    at doWrite (/home/edqe/.config/yarn/global/node_modules/readable-stream/lib/_stream_writable.js:409:139)
    at writeOrBuffer (/home/edqe/.config/yarn/global/node_modules/readable-stream/lib/_stream_writable.js:398:5)
    at Console.Writable.write (/home/edqe/.config/yarn/global/node_modules/readable-stream/lib/_stream_writable.js:307:11)
    at DerivedLogger.ondata (/home/edqe/.config/yarn/global/node_modules/readable-stream/lib/_stream_readable.js:681:20)
    at DerivedLogger.emit (node:events:539:35)
    at DerivedLogger.emit (node:domain:475:12)
    at addChunk (/home/edqe/.config/yarn/global/node_modules/readable-stream/lib/_stream_readable.js:298:12)
[error] 
[error] Error: An unexpected error has occurred.
[debug] [2023-02-21T15:17:55.841Z] Error: write EIO
    at afterWriteDispatched (node:internal/stream_base_commons:160:15)
    at writeGeneric (node:internal/stream_base_commons:151:3)
    at WriteStream.Socket._writeGeneric (node:net:817:11)
    at WriteStream.Socket._write (node:net:829:8)
    at writeOrBuffer (node:internal/streams/writable:389:12)
    at _write (node:internal/streams/writable:330:10)
    at WriteStream.Writable.write (node:internal/streams/writable:334:10)
    at Console.log (/home/edqe/.config/yarn/global/node_modules/winston/lib/winston/transports/console.js:79:23)
    at Console._write (/home/edqe/.config/yarn/global/node_modules/winston-transport/index.js:103:17)
    at doWrite (/home/edqe/.config/yarn/global/node_modules/readable-stream/lib/_stream_writable.js:409:139)
    at writeOrBuffer (/home/edqe/.config/yarn/global/node_modules/readable-stream/lib/_stream_writable.js:398:5)
    at Console.Writable.write (/home/edqe/.config/yarn/global/node_modules/readable-stream/lib/_stream_writable.js:307:11)
    at DerivedLogger.ondata (/home/edqe/.config/yarn/global/node_modules/readable-stream/lib/_stream_readable.js:681:20)
    at DerivedLogger.emit (node:events:539:35)
    at DerivedLogger.emit (node:domain:475:12)
    at addChunk (/home/edqe/.config/yarn/global/node_modules/readable-stream/lib/_stream_readable.js:298:12)
[error] 
[error] Error: An unexpected error has occurred.
[debug] [2023-02-21T15:17:55.843Z] Error: write EIO
    at afterWriteDispatched (node:internal/stream_base_commons:160:15)
    at writeGeneric (node:internal/stream_base_commons:151:3)
    at WriteStream.Socket._writeGeneric (node:net:817:11)
    at WriteStream.Socket._write (node:net:829:8)
    at writeOrBuffer (node:internal/streams/writable:389:12)
    at _write (node:internal/streams/writable:330:10)
    at WriteStream.Writable.write (node:internal/streams/writable:334:10)
    at Console.log (/home/edqe/.config/yarn/global/node_modules/winston/lib/winston/transports/console.js:79:23)
    at Console._write (/home/edqe/.config/yarn/global/node_modules/winston-transport/index.js:103:17)
    at doWrite (/home/edqe/.config/yarn/global/node_modules/readable-stream/lib/_stream_writable.js:409:139)
    at writeOrBuffer (/home/edqe/.config/yarn/global/node_modules/readable-stream/lib/_stream_writable.js:398:5)
    at Console.Writable.write (/home/edqe/.config/yarn/global/node_modules/readable-stream/lib/_stream_writable.js:307:11)
    at DerivedLogger.ondata (/home/edqe/.config/yarn/global/node_modules/readable-stream/lib/_stream_readable.js:681:20)
    at DerivedLogger.emit (node:events:539:35)
    at DerivedLogger.emit (node:domain:475:12)
    at addChunk (/home/edqe/.config/yarn/global/node_modules/readable-stream/lib/_stream_readable.js:298:12)
[error] 
[error] Error: An unexpected error has occurred.
[debug] [2023-02-21T15:17:55.847Z] Error: write EIO
    at afterWriteDispatched (node:internal/stream_base_commons:160:15)
    at writeGeneric (node:internal/stream_base_commons:151:3)
    at WriteStream.Socket._writeGeneric (node:net:817:11)
    at WriteStream.Socket._write (node:net:829:8)
    at writeOrBuffer (node:internal/streams/writable:389:12)
    at _write (node:internal/streams/writable:330:10)
    at WriteStream.Writable.write (node:internal/streams/writable:334:10)
    at Console.log (/home/edqe/.config/yarn/global/node_modules/winston/lib/winston/transports/console.js:79:23)
    at Console._write (/home/edqe/.config/yarn/global/node_modules/winston-transport/index.js:103:17)
    at doWrite (/home/edqe/.config/yarn/global/node_modules/readable-stream/lib/_stream_writable.js:409:139)
    at writeOrBuffer (/home/edqe/.config/yarn/global/node_modules/readable-stream/lib/_stream_writable.js:398:5)
    at Console.Writable.write (/home/edqe/.config/yarn/global/node_modules/readable-stream/lib/_stream_writable.js:307:11)
    at DerivedLogger.ondata (/home/edqe/.config/yarn/global/node_modules/readable-stream/lib/_stream_readable.js:681:20)
    at DerivedLogger.emit (node:events:539:35)
    at DerivedLogger.emit (node:domain:475:12)
    at addChunk (/home/edqe/.config/yarn/global/node_modules/readable-stream/lib/_stream_readable.js:298:12)
[error] 
[error] Error: An unexpected error has occurred.
[debug] [2023-02-21T15:17:55.849Z] Error: write EIO
    at afterWriteDispatched (node:internal/stream_base_commons:160:15)
    at writeGeneric (node:internal/stream_base_commons:151:3)
    at WriteStream.Socket._writeGeneric (node:net:817:11)
    at WriteStream.Socket._write (node:net:829:8)
    at writeOrBuffer (node:internal/streams/writable:389:12)
    at _write (node:internal/streams/writable:330:10)
    at WriteStream.Writable.write (node:internal/streams/writable:334:10)
    at Console.log (/home/edqe/.config/yarn/global/node_modules/winston/lib/winston/transports/console.js:79:23)
    at Console._write (/home/edqe/.config/yarn/global/node_modules/winston-transport/index.js:103:17)
    at doWrite (/home/edqe/.config/yarn/global/node_modules/readable-stream/lib/_stream_writable.js:409:139)
    at writeOrBuffer (/home/edqe/.config/yarn/global/node_modules/readable-stream/lib/_stream_writable.js:398:5)
    at Console.Writable.write (/home/edqe/.config/yarn/global/node_modules/readable-stream/lib/_stream_writable.js:307:11)
    at DerivedLogger.ondata (/home/edqe/.config/yarn/global/node_modules/readable-stream/lib/_stream_readable.js:681:20)
    at DerivedLogger.emit (node:events:539:35)
    at DerivedLogger.emit (node:domain:475:12)
    at addChunk (/home/edqe/.config/yarn/global/node_modules/readable-stream/lib/_stream_readable.js:298:12)
[debug] [2023-02-21T15:18:47.126Z] ----------------------------------------------------------------------
[debug] [2023-02-21T15:18:47.128Z] Command:       /home/edqe/.nvm/versions/node/v16.16.0/bin/node /home/edqe/.yarn/bin/firebase emulators:start --only storage --project experiment
[debug] [2023-02-21T15:18:47.129Z] CLI Version:   11.20.0
[debug] [2023-02-21T15:18:47.129Z] Platform:      linux
[debug] [2023-02-21T15:18:47.129Z] Node Version:  v16.16.0
[debug] [2023-02-21T15:18:47.134Z] Time:          Tue Feb 21 2023 22:18:47 GMT+0700 (Indochina Time)
[debug] [2023-02-21T15:18:47.134Z] ----------------------------------------------------------------------
[debug] 
[debug] [2023-02-21T15:18:47.211Z] > command requires scopes: ["email","openid","https://www.googleapis.com/auth/cloudplatformprojects.readonly","https://www.googleapis.com/auth/firebase","https://www.googleapis.com/auth/cloud-platform"]
[debug] [2023-02-21T15:18:47.211Z] > authorizing via signed-in user (configxgt@gmail.com)
[debug] [2023-02-21T15:18:47.309Z] openjdk version "17.0.5" 2022-10-18
OpenJDK Runtime Environment (build 17.0.5+1)

[debug] [2023-02-21T15:18:47.310Z] OpenJDK 64-Bit Server VM (build 17.0.5+1, mixed mode)

[debug] [2023-02-21T15:18:47.314Z] Parsed Java major version: 17
[info] i  emulators: Starting emulators: storage {"metadata":{"emulator":{"name":"hub"},"message":"Starting emulators: storage"}}
[debug] [2023-02-21T15:18:47.322Z] [logging] Logging Emulator only supports listening on one address (127.0.0.1). Not listening on ::1
[debug] [2023-02-21T15:18:47.322Z] [storage] Storage Emulator only supports listening on one address (127.0.0.1). Not listening on ::1
[debug] [2023-02-21T15:18:47.323Z] assigned listening specs for emulators {"user":{"hub":[{"address":"127.0.0.1","family":"IPv4","port":4400},{"address":"::1","family":"IPv6","port":4400}],"ui":[{"address":"127.0.0.1","family":"IPv4","port":4000},{"address":"::1","family":"IPv6","port":4000}],"logging":[{"address":"127.0.0.1","family":"IPv4","port":4500}],"storage":[{"address":"127.0.0.1","family":"IPv4","port":9199}]},"metadata":{"message":"assigned listening specs for emulators"}}
[warn] ⚠  emulators: It seems that you are running multiple instances of the emulator suite for project experiment. This may result in unexpected behavior. 
[debug] [2023-02-21T15:18:47.328Z] [hub] writing locator at /tmp/hub-experiment.json
[debug] [2023-02-21T15:18:47.335Z] Ignoring unsupported arg: port {"metadata":{"emulator":{"name":"storage"},"message":"Ignoring unsupported arg: port"}}
[debug] [2023-02-21T15:18:48.572Z] Temp file directory for storage emulator: /tmp/firebase/storage/blobs {"metadata":{"emulator":{"name":"storage"},"message":"Temp file directory for storage emulator: /tmp/firebase/storage/blobs"}}
[debug] [2023-02-21T15:18:48.587Z] Ignoring unsupported arg: auto_download {"metadata":{"emulator":{"name":"ui"},"message":"Ignoring unsupported arg: auto_download"}}
[debug] [2023-02-21T15:18:48.588Z] Ignoring unsupported arg: port {"metadata":{"emulator":{"name":"ui"},"message":"Ignoring unsupported arg: port"}}
[debug] [2023-02-21T15:18:48.588Z] Starting Emulator UI with command {"binary":"node","args":["/home/edqe/.cache/firebase/emulators/ui-v1.11.2/server/server.js"],"optionalArgs":[],"joinArgs":false} {"metadata":{"emulator":{"name":"ui"},"message":"Starting Emulator UI with command {\"binary\":\"node\",\"args\":[\"/home/edqe/.cache/firebase/emulators/ui-v1.11.2/server/server.js\"],\"optionalArgs\":[],\"joinArgs\":false}"}}
[info] i  ui: Emulator UI logging to ui-debug.log {"metadata":{"emulator":{"name":"ui"},"message":"Emulator UI logging to \u001b[1mui-debug.log\u001b[22m"}}
[debug] [2023-02-21T15:18:48.740Z] Web / API server started at 127.0.0.1:4000
 {"metadata":{"emulator":{"name":"ui"},"message":"Web / API server started at 127.0.0.1:4000\n"}}
[debug] [2023-02-21T15:18:48.741Z] Web / API server started at ::1:4000
 {"metadata":{"emulator":{"name":"ui"},"message":"Web / API server started at ::1:4000\n"}}
[info] 
┌─────────────────────────────────────────────────────────────┐
│ ✔  All emulators ready! It is now safe to connect your app. │
│ i  View Emulator UI at http://127.0.0.1:4000/               │
└─────────────────────────────────────────────────────────────┘

┌──────────┬────────────────┬───────────────────────────────┐
│ Emulator │ Host:Port      │ View in Emulator UI           │
├──────────┼────────────────┼───────────────────────────────┤
│ Storage  │ 127.0.0.1:9199 │ http://127.0.0.1:4000/storage │
└──────────┴────────────────┴───────────────────────────────┘
  Emulator Hub running at 127.0.0.1:4400
  Other reserved ports: 4500

Issues? Report them at https://github.com/firebase/firebase-tools/issues and attach the *-debug.log files.
 
